#
# A fatal error has been detected by the Java Runtime Environment:
#
#  SIGSEGV (0xb) at pc=0x000000010d88c89e, pid=1642, tid=0x0000000000002603
#
# JRE version: OpenJDK Runtime Environment (8.0_112-b06) (build 1.8.0_112-release-b06)
# Java VM: OpenJDK 64-Bit Server VM (25.112-b06 mixed mode bsd-amd64 compressed oops)
# Problematic frame:
# V  [libjvm.dylib+0x48c89e]
#
# Failed to write core dump. Core dumps have been disabled. To enable core dumping, try "ulimit -c unlimited" before starting Java again
#
# If you would like to submit a bug report, please visit:
#   http://bugreport.java.com/bugreport/crash.jsp
#

---------------  T H R E A D  ---------------

Current thread (0x00007fe1ad800000):  GCTaskThread [stack: 0x0000700003521000,0x0000700003621000] [id=9731]

siginfo: si_signo: 11 (SIGSEGV), si_code: 1 (SEGV_MAPERR), si_addr: 0x000000000000013d

Registers:
RAX=0x000000000000001d, RBX=0x00007fe1ac51ad50, RCX=0x0000000000001d03, RDX=0x000000076171c508
RSP=0x0000700003620c60, RBP=0x0000700003620ce0, RSI=0x00007fe1ac51ad50, RDI=0x00000007616bf780
R8 =0x000000000000002e, R9 =0x0000000000007d28, R10=0x0000000000000001, R11=0x0000000200000000
R12=0x000000076171c508, R13=0x000000010d9d9999, R14=0x00007fe1ac51ad58, R15=0x000000010dbe4d60
RIP=0x000000010d88c89e, EFLAGS=0x0000000000010202, ERR=0x0000000000000004
  TRAPNO=0x000000000000000e

Top of Stack: (sp=0x0000700003620c60)
0x0000700003620c60:   00007fe1ac51ad50 00007fe1ac51ad90
0x0000700003620c70:   00007fe1ac51add8 00007fe1ac51ae10
0x0000700003620c80:   00007fe1ac51ad50 0000700003620d88
0x0000700003620c90:   000000076171c508 00007fe1aecce5f8
0x0000700003620ca0:   0000700003620ce0 000000010d7178d5
0x0000700003620cb0:   0000000000000000 00007fe1ac51ad50
0x0000700003620cc0:   0000000000000000 000000010d9d9999
0x0000700003620cd0:   0000700003620d88 0000000000000001
0x0000700003620ce0:   0000700003620db0 000000010d87f42f
0x0000700003620cf0:   0000700003620d60 00007fffa6bbc4ce
0x0000700003620d00:   0000000000000000 0000000000000000
0x0000700003620d10:   0000000000000000 00007fe1ac601e68
0x0000700003620d20:   0000000000000000 000000000dbd0f00
0x0000700003620d30:   0000700000000000 00007fe1ac601e00
0x0000700003620d40:   0000000000000000 000000010d9b84f0
0x0000700003620d50:   00007fe1ac601e28 0000000000000003
0x0000700003620d60:   0000700003620d80 000000010d857aba
0x0000700003620d70:   000000010dc7aed0 00007fe1ac516600
0x0000700003620d80:   0000700003620d88 000000010dc7aea0
0x0000700003620d90:   0000700003620d00 00007fe1ac51ad50
0x0000700003620da0:   00007fe1ad800000 00007fe1ac518420
0x0000700003620db0:   0000700003620e90 000000010d66dc37
0x0000700003620dc0:   0000700003620df0 00007fe1ac600230
0x0000700003620dd0:   00007fe1ac6002e0 00007fe1ac6002f0
0x0000700003620de0:   00007fe1ac6006c8 00000000000003d8
0x0000700003620df0:   00007fe1ad800000 00007fe1ac600260
0x0000700003620e00:   00007fe1ac6006d0 00007fe1ac6006e0
0x0000700003620e10:   00007fe1ac6007b8 00000000000000d8
0x0000700003620e20:   0000700003620e30 0000000000000000
0x0000700003620e30:   00007fe1ad800000 00007fe1ac600260
0x0000700003620e40:   00007fe1ac6006d0 00007fe1ac6006e0
0x0000700003620e50:   00007fe1ac6007b8 00000000000000d8 

Instructions: (pc=0x000000010d88c89e)
0x000000010d88c87e:   11 41 8a 4f 08 41 8b 7c 24 08 48 d3 e7 49 03 3f
0x000000010d88c88e:   eb 05 49 8b 7c 24 08 48 8b 07 48 89 de 4c 89 e2
0x000000010d88c89e:   ff 90 20 01 00 00 8b 43 08 89 c1 2b 4b 10 f7 c1
0x000000010d88c8ae:   ff ff 01 00 74 73 05 ff ff 01 00 89 c6 81 e6 ff 

Register to memory mapping:

RAX=0x000000000000001d is an unknown value
RBX=0x00007fe1ac51ad50 is an unknown value
RCX=0x0000000000001d03 is an unknown value
RDX=0x000000076171c508 is pointing into object: 0x000000076171c398
[Ljava.lang.reflect.Method; 
 - klass: 'java/lang/reflect/Method'[]
 - length: 223
RSP=0x0000700003620c60 is an unknown value
RBP=0x0000700003620ce0 is an unknown value
RSI=0x00007fe1ac51ad50 is an unknown value
RDI=0x00000007616bf780 is an oop
java.lang.reflect.Method 
 - klass: 'java/lang/reflect/Method'
R8 =0x000000000000002e is an unknown value
R9 =0x0000000000007d28 is an unknown value
R10=0x0000000000000001 is an unknown value
R11=0x0000000200000000 is an unknown value
R12=0x000000076171c508 is pointing into object: 0x000000076171c398
[Ljava.lang.reflect.Method; 
 - klass: 'java/lang/reflect/Method'[]
 - length: 223
R13=0x000000010d9d9999: _ZZN12outputStream10date_stampEbPKcS1_E10error_time+0xef1 in /Applications/Android Studio 2.3.3.app/Contents/jre/jdk/Contents/Home/jre/lib/server/libjvm.dylib at 0x000000010d400000
R14=0x00007fe1ac51ad58 is an unknown value
R15=0x000000010dbe4d60: _ZN8Universe13_narrow_klassE+0 in /Applications/Android Studio 2.3.3.app/Contents/jre/jdk/Contents/Home/jre/lib/server/libjvm.dylib at 0x000000010d400000


Stack: [0x0000700003521000,0x0000700003621000],  sp=0x0000700003620c60,  free space=1023k
Native frames: (J=compiled Java code, j=interpreted, Vv=VM code, C=native code)
V  [libjvm.dylib+0x48c89e]
V  [libjvm.dylib+0x47f42f]
V  [libjvm.dylib+0x26dc37]
V  [libjvm.dylib+0x45bf0a]
C  [libsystem_pthread.dylib+0x393b]  _pthread_body+0xb4
C  [libsystem_pthread.dylib+0x3887]  _pthread_body+0x0
C  [libsystem_pthread.dylib+0x308d]  thread_start+0xd


---------------  P R O C E S S  ---------------

Java Threads: ( => current thread )
  0x00007fe1ae62d000 JavaThread "process reaper" daemon [_thread_blocked, id=42943, stack(0x00007000059b9000,0x00007000059e1000)]
  0x00007fe1b1ecb000 JavaThread "process reaper" daemon [_thread_blocked, id=40163, stack(0x000070000598e000,0x00007000059b6000)]
  0x00007fe1ae2a5000 JavaThread "process reaper" daemon [_thread_blocked, id=24843, stack(0x0000700005963000,0x000070000598b000)]
  0x00007fe1b1eca800 JavaThread "process reaper" daemon [_thread_blocked, id=42411, stack(0x0000700005938000,0x0000700005960000)]
  0x00007fe1ad742800 JavaThread "process reaper" daemon [_thread_blocked, id=27639, stack(0x00007000049e0000,0x0000700004a08000)]
  0x00007fe1af6da000 JavaThread "pool-531-thread-4" [_thread_blocked, id=23219, stack(0x0000700005326000,0x0000700005426000)]
  0x00007fe1b1217800 JavaThread "pool-531-thread-3" [_thread_blocked, id=27899, stack(0x0000700004e17000,0x0000700004f17000)]
  0x00007fe1b1263000 JavaThread "pool-531-thread-2" [_thread_blocked, id=29203, stack(0x0000700004d14000,0x0000700004e14000)]
  0x00007fe1adb35000 JavaThread "pool-531-thread-1" [_thread_blocked, id=39591, stack(0x0000700004c11000,0x0000700004d11000)]
  0x00007fe1ae543000 JavaThread "Cache update executor" [_thread_blocked, id=29663, stack(0x0000700004b0e000,0x0000700004c0e000)]
  0x00007fe1ad67f000 JavaThread "Stdin handler" [_thread_blocked, id=40915, stack(0x00007000047da000,0x00007000048da000)]
  0x00007fe1ad67d800 JavaThread "Asynchronous log dispatcher for DefaultDaemonConnection: socket connection from /127.0.0.1:59423 to /127.0.0.1:49683" [_thread_blocked, id=26375, stack(0x00007000046d7000,0x00007000047d7000)]
  0x00007fe1af19e000 JavaThread "Daemon worker Thread 23" [_thread_blocked, id=36303, stack(0x00007000045d4000,0x00007000046d4000)]
  0x00007fe1adb91800 JavaThread "Cancel handler" [_thread_blocked, id=22451, stack(0x00007000044d1000,0x00007000045d1000)]
  0x00007fe1ad67c000 JavaThread "Handler for socket connection from /127.0.0.1:59423 to /127.0.0.1:49683" [_thread_in_native, id=41195, stack(0x00007000043ce000,0x00007000044ce000)]
  0x00007fe1af4aa000 JavaThread "Daemon Thread 23" [_thread_blocked, id=20315, stack(0x00007000042cb000,0x00007000043cb000)]
  0x00007fe1b1e93000 JavaThread "pool-7-thread-3" [_thread_blocked, id=33291, stack(0x0000700005223000,0x0000700005323000)]
  0x00007fe1b1fd1800 JavaThread "pool-7-thread-1" [_thread_blocked, id=30731, stack(0x0000700005120000,0x0000700005220000)]
  0x00007fe1b1545800 JavaThread "pool-7-thread-4" [_thread_blocked, id=30475, stack(0x000070000501d000,0x000070000511d000)]
  0x00007fe1b1fce800 JavaThread "pool-7-thread-2" [_thread_blocked, id=25867, stack(0x0000700004f1a000,0x000070000501a000)]
  0x00007fe1b044f000 JavaThread "pool-2-thread-1" [_thread_blocked, id=4103, stack(0x0000700004a0b000,0x0000700004b0b000)]
  0x00007fe1afc6b000 JavaThread "File lock request listener" [_thread_in_native, id=4359, stack(0x0000700003215000,0x0000700003315000)]
  0x00007fe1ad65c000 JavaThread "pool-1-thread-1" [_thread_blocked, id=23303, stack(0x00007000048dd000,0x00007000049dd000)]
  0x00007fe1acd0b000 JavaThread "Incoming local TCP Connector on port 59423" [_thread_in_native, id=19715, stack(0x00007000041c8000,0x00007000042c8000)]
  0x00007fe1ac87a000 JavaThread "Service Thread" daemon [_thread_blocked, id=18691, stack(0x0000700003fc2000,0x00007000040c2000)]
  0x00007fe1ac849800 JavaThread "C1 CompilerThread2" daemon [_thread_blocked, id=18179, stack(0x0000700003ebf000,0x0000700003fbf000)]
  0x00007fe1ac846000 JavaThread "C2 CompilerThread1" daemon [_thread_blocked, id=17667, stack(0x0000700003dbc000,0x0000700003ebc000)]
  0x00007fe1ad036000 JavaThread "C2 CompilerThread0" daemon [_thread_blocked, id=17155, stack(0x0000700003cb9000,0x0000700003db9000)]
  0x00007fe1ac861000 JavaThread "Signal Dispatcher" daemon [_thread_blocked, id=16643, stack(0x0000700003bb6000,0x0000700003cb6000)]
  0x00007fe1ac83c800 JavaThread "Finalizer" daemon [_thread_blocked, id=12291, stack(0x0000700003a30000,0x0000700003b30000)]
  0x00007fe1ad806000 JavaThread "Reference Handler" daemon [_thread_blocked, id=11779, stack(0x000070000392d000,0x0000700003a2d000)]
  0x00007fe1ac808800 JavaThread "main" [_thread_blocked, id=6915, stack(0x000070000331b000,0x000070000341b000)]

Other Threads:
  0x00007fe1ac836000 VMThread [stack: 0x000070000382a000,0x000070000392a000] [id=11267]
  0x00007fe1ac87b000 WatcherThread [stack: 0x00007000040c5000,0x00007000041c5000] [id=19203]

=>0x00007fe1ad800000 (exited) GCTaskThread [stack: 0x0000700003521000,0x0000700003621000] [id=9731]

VM state:at safepoint (normal execution)

VM Mutex/Monitor currently owned by a thread:  ([mutex/lock_event])
[0x00007fe1ac403d90] Threads_lock - owner thread: 0x00007fe1ac836000
[0x00007fe1ac404290] Heap_lock - owner thread: 0x00007fe1af19e000

Heap:
 PSYoungGen      total 445952K, used 413618K [0x00000007a0000000, 0x00000007c0000000, 0x00000007c0000000)
  eden space 368640K, 99% used [0x00000007a0000000,0x00000007b67ff990,0x00000007b6800000)
  from space 77312K, 58% used [0x00000007bb480000,0x00000007be06d028,0x00000007c0000000)
  to   space 77824K, 0% used [0x00000007b6800000,0x00000007b6800000,0x00000007bb400000)
 ParOldGen       total 195072K, used 189072K [0x0000000760000000, 0x000000076be80000, 0x00000007a0000000)
  object space 195072K, 96% used [0x0000000760000000,0x000000076b8a43d8,0x000000076be80000)
 Metaspace       used 87218K, capacity 95216K, committed 95488K, reserved 1132544K
  class space    used 10902K, capacity 11905K, committed 12032K, reserved 1048576K

Card table byte_map: [0x000000010e2b6000,0x000000010e5b7000] byte_map_base: 0x000000010a7b6000

Marking Bits: (ParMarkBitMap*) 0x000000010dc8bed0
 Begin Bits: [0x000000010e7b7000, 0x000000010ffb7000)
 End Bits:   [0x000000010ffb7000, 0x00000001117b7000)

Polling page: 0x000000010ca9b000

CodeCache: size=245760Kb used=83630Kb max_used=84483Kb free=162129Kb
 bounds [0x0000000118595000, 0x000000011d8e5000, 0x0000000127595000]
 total_blobs=22448 nmethods=21623 adapters=736
 compilation: enabled

Compilation events (10 events):
Event: 12549.097 Thread 0x00007fe1ac849800 31237       1       com.android.build.gradle.tasks.PackageAndroidArtifact::getJniDebugBuild (5 bytes)
Event: 12549.097 Thread 0x00007fe1ac849800 nmethod 31237 0x000000011d7a3bd0 code [0x000000011d7a3d20, 0x000000011d7a3e30]
Event: 12549.098 Thread 0x00007fe1ac849800 31238       3       com.google.common.collect.HashBiMap::insert (75 bytes)
Event: 12549.098 Thread 0x00007fe1ac849800 nmethod 31238 0x000000011d7a2450 code [0x000000011d7a25e0, 0x000000011d7a2a50]
Event: 12549.098 Thread 0x00007fe1ac846000 nmethod 31234 0x000000011a6df210 code [0x000000011a6df380, 0x000000011a6df938]
Event: 12549.117 Thread 0x00007fe1ad036000 31239       4       com.google.common.collect.Iterators::addAll (41 bytes)
Event: 12549.133 Thread 0x00007fe1ad036000 nmethod 31239 0x000000011a88ed50 code [0x000000011a88ef40, 0x000000011a88fab8]
Event: 12549.236 Thread 0x00007fe1ac846000 31240  s    4       com.android.apkzlib.zip.utils.ByteTracker::updateUsage (31 bytes)
Event: 12549.238 Thread 0x00007fe1ac846000 nmethod 31240 0x000000011d7a37d0 code [0x000000011d7a3920, 0x000000011d7a3b38]
Event: 12549.389 Thread 0x00007fe1ad036000 31241       4       com.android.apkzlib.zip.ZFile::directWrite (140 bytes)

GC Heap History (10 events):
Event: 12535.003 GC heap after
Heap after GC invocations=103 (full 5):
 PSYoungGen      total 348160K, used 14323K [0x00000007a0000000, 0x00000007b9100000, 0x00000007c0000000)
  eden space 285184K, 0% used [0x00000007a0000000,0x00000007a0000000,0x00000007b1680000)
  from space 62976K, 22% used [0x00000007b5380000,0x00000007b617cdb0,0x00000007b9100000)
  to   space 62464K, 0% used [0x00000007b1680000,0x00000007b1680000,0x00000007b5380000)
 ParOldGen       total 195072K, used 97146K [0x0000000760000000, 0x000000076be80000, 0x00000007a0000000)
  object space 195072K, 49% used [0x0000000760000000,0x0000000765ede8e8,0x000000076be80000)
 Metaspace       used 86996K, capacity 94830K, committed 95104K, reserved 1132544K
  class space    used 10868K, capacity 11850K, committed 11904K, reserved 1048576K
}
Event: 12541.299 GC heap before
{Heap before GC invocations=104 (full 5):
 PSYoungGen      total 348160K, used 299507K [0x00000007a0000000, 0x00000007b9100000, 0x00000007c0000000)
  eden space 285184K, 100% used [0x00000007a0000000,0x00000007b1680000,0x00000007b1680000)
  from space 62976K, 22% used [0x00000007b5380000,0x00000007b617cdb0,0x00000007b9100000)
  to   space 62464K, 0% used [0x00000007b1680000,0x00000007b1680000,0x00000007b5380000)
 ParOldGen       total 195072K, used 97146K [0x0000000760000000, 0x000000076be80000, 0x00000007a0000000)
  object space 195072K, 49% used [0x0000000760000000,0x0000000765ede8e8,0x000000076be80000)
 Metaspace       used 87119K, capacity 95006K, committed 95104K, reserved 1132544K
  class space    used 10889K, capacity 11890K, committed 11904K, reserved 1048576K
Event: 12541.338 GC heap after
Heap after GC invocations=104 (full 5):
 PSYoungGen      total 347648K, used 13219K [0x00000007a0000000, 0x00000007bc300000, 0x00000007c0000000)
  eden space 285184K, 0% used [0x00000007a0000000,0x00000007a0000000,0x00000007b1680000)
  from space 62464K, 21% used [0x00000007b1680000,0x00000007b2368e10,0x00000007b5380000)
  to   space 61440K, 0% used [0x00000007b8700000,0x00000007b8700000,0x00000007bc300000)
 ParOldGen       total 195072K, used 102113K [0x0000000760000000, 0x000000076be80000, 0x00000007a0000000)
  object space 195072K, 52% used [0x0000000760000000,0x00000007663b8698,0x000000076be80000)
 Metaspace       used 87119K, capacity 95006K, committed 95104K, reserved 1132544K
  class space    used 10889K, capacity 11890K, committed 11904K, reserved 1048576K
}
Event: 12544.342 GC heap before
{Heap before GC invocations=105 (full 5):
 PSYoungGen      total 347648K, used 298403K [0x00000007a0000000, 0x00000007bc300000, 0x00000007c0000000)
  eden space 285184K, 100% used [0x00000007a0000000,0x00000007b1680000,0x00000007b1680000)
  from space 62464K, 21% used [0x00000007b1680000,0x00000007b2368e10,0x00000007b5380000)
  to   space 61440K, 0% used [0x00000007b8700000,0x00000007b8700000,0x00000007bc300000)
 ParOldGen       total 195072K, used 102113K [0x0000000760000000, 0x000000076be80000, 0x00000007a0000000)
  object space 195072K, 52% used [0x0000000760000000,0x00000007663b8698,0x000000076be80000)
 Metaspace       used 87153K, capacity 95078K, committed 95104K, reserved 1132544K
  class space    used 10898K, capacity 11904K, committed 11904K, reserved 1048576K
Event: 12544.386 GC heap after
Heap after GC invocations=105 (full 5):
 PSYoungGen      total 396288K, used 31076K [0x00000007a0000000, 0x00000007bbf80000, 0x00000007c0000000)
  eden space 338432K, 0% used [0x00000007a0000000,0x00000007a0000000,0x00000007b4a80000)
  from space 57856K, 53% used [0x00000007b8700000,0x00000007ba5592e8,0x00000007bbf80000)
  to   space 59904K, 0% used [0x00000007b4a80000,0x00000007b4a80000,0x00000007b8500000)
 ParOldGen       total 195072K, used 102465K [0x0000000760000000, 0x000000076be80000, 0x00000007a0000000)
  object space 195072K, 52% used [0x0000000760000000,0x00000007664106c8,0x000000076be80000)
 Metaspace       used 87153K, capacity 95078K, committed 95104K, reserved 1132544K
  class space    used 10898K, capacity 11904K, committed 11904K, reserved 1048576K
}
Event: 12544.780 GC heap before
{Heap before GC invocations=106 (full 5):
 PSYoungGen      total 396288K, used 369508K [0x00000007a0000000, 0x00000007bbf80000, 0x00000007c0000000)
  eden space 338432K, 100% used [0x00000007a0000000,0x00000007b4a80000,0x00000007b4a80000)
  from space 57856K, 53% used [0x00000007b8700000,0x00000007ba5592e8,0x00000007bbf80000)
  to   space 59904K, 0% used [0x00000007b4a80000,0x00000007b4a80000,0x00000007b8500000)
 ParOldGen       total 195072K, used 102465K [0x0000000760000000, 0x000000076be80000, 0x00000007a0000000)
  object space 195072K, 52% used [0x0000000760000000,0x00000007664106c8,0x000000076be80000)
 Metaspace       used 87153K, capacity 95078K, committed 95104K, reserved 1132544K
  class space    used 10898K, capacity 11904K, committed 11904K, reserved 1048576K
Event: 12544.900 GC heap after
Heap after GC invocations=106 (full 5):
 PSYoungGen      total 398336K, used 59882K [0x00000007a0000000, 0x00000007c0000000, 0x00000007c0000000)
  eden space 338432K, 0% used [0x00000007a0000000,0x00000007a0000000,0x00000007b4a80000)
  from space 59904K, 99% used [0x00000007b4a80000,0x00000007b84fa930,0x00000007b8500000)
  to   space 77312K, 0% used [0x00000007bb480000,0x00000007bb480000,0x00000007c0000000)
 ParOldGen       total 195072K, used 124003K [0x0000000760000000, 0x000000076be80000, 0x00000007a0000000)
  object space 195072K, 63% used [0x0000000760000000,0x0000000767918f38,0x000000076be80000)
 Metaspace       used 87153K, capacity 95078K, committed 95104K, reserved 1132544K
  class space    used 10898K, capacity 11904K, committed 11904K, reserved 1048576K
}
Event: 12548.197 GC heap before
{Heap before GC invocations=107 (full 5):
 PSYoungGen      total 398336K, used 398314K [0x00000007a0000000, 0x00000007c0000000, 0x00000007c0000000)
  eden space 338432K, 100% used [0x00000007a0000000,0x00000007b4a80000,0x00000007b4a80000)
  from space 59904K, 99% used [0x00000007b4a80000,0x00000007b84fa930,0x00000007b8500000)
  to   space 77312K, 0% used [0x00000007bb480000,0x00000007bb480000,0x00000007c0000000)
 ParOldGen       total 195072K, used 124072K [0x0000000760000000, 0x000000076be80000, 0x00000007a0000000)
  object space 195072K, 63% used [0x0000000760000000,0x000000076792a060,0x000000076be80000)
 Metaspace       used 87203K, capacity 95152K, committed 95488K, reserved 1132544K
  class space    used 10901K, capacity 11905K, committed 12032K, reserved 1048576K
Event: 12548.284 GC heap after
Heap after GC invocations=107 (full 5):
 PSYoungGen      total 445952K, used 44980K [0x00000007a0000000, 0x00000007c0000000, 0x00000007c0000000)
  eden space 368640K, 0% used [0x00000007a0000000,0x00000007a0000000,0x00000007b6800000)
  from space 77312K, 58% used [0x00000007bb480000,0x00000007be06d028,0x00000007c0000000)
  to   space 77824K, 0% used [0x00000007b6800000,0x00000007b6800000,0x00000007bb400000)
 ParOldGen       total 195072K, used 124559K [0x0000000760000000, 0x000000076be80000, 0x00000007a0000000)
  object space 195072K, 63% used [0x0000000760000000,0x00000007679a3fe8,0x000000076be80000)
 Metaspace       used 87203K, capacity 95152K, committed 95488K, reserved 1132544K
  class space    used 10901K, capacity 11905K, committed 12032K, reserved 1048576K
}
Event: 12549.392 GC heap before
{Heap before GC invocations=108 (full 6):
 PSYoungGen      total 445952K, used 413618K [0x00000007a0000000, 0x00000007c0000000, 0x00000007c0000000)
  eden space 368640K, 99% used [0x00000007a0000000,0x00000007b67ff990,0x00000007b6800000)
  from space 77312K, 58% used [0x00000007bb480000,0x00000007be06d028,0x00000007c0000000)
  to   space 77824K, 0% used [0x00000007b6800000,0x00000007b6800000,0x00000007bb400000)
 ParOldGen       total 195072K, used 189072K [0x0000000760000000, 0x000000076be80000, 0x00000007a0000000)
  object space 195072K, 96% used [0x0000000760000000,0x000000076b8a43d8,0x000000076be80000)
 Metaspace       used 87218K, capacity 95216K, committed 95488K, reserved 1132544K
  class space    used 10902K, capacity 11905K, committed 12032K, reserved 1048576K

Deoptimization events (10 events):
Event: 12549.093 Thread 0x00007fe1af19e000 Uncommon trap: reason=class_check action=maybe_recompile pc=0x0000000119ed96f8 method=com.google.common.collect.Maps$EntryFunction$1.apply(Ljava/lang/Object;)Ljava/lang/Object; @ 2
Event: 12549.093 Thread 0x00007fe1af19e000 Uncommon trap: reason=predicate action=maybe_recompile pc=0x000000011ce6b000 method=com.google.common.collect.Iterators.addAll(Ljava/util/Collection;Ljava/util/Iterator;)Z @ 21
Event: 12549.093 Thread 0x00007fe1af19e000 Uncommon trap: reason=class_check action=maybe_recompile pc=0x0000000119ed96f8 method=com.google.common.collect.Maps$EntryFunction$1.apply(Ljava/lang/Object;)Ljava/lang/Object; @ 2
Event: 12549.097 Thread 0x00007fe1af19e000 Uncommon trap: reason=bimorphic action=maybe_recompile pc=0x000000011b2cb8ac method=com.google.common.collect.Maps$EntryFunction$2.apply(Ljava/util/Map$Entry;)Ljava/lang/Object; @ 1
Event: 12549.097 Thread 0x00007fe1af19e000 Uncommon trap: reason=bimorphic action=maybe_recompile pc=0x000000011b2cb8ac method=com.google.common.collect.Maps$EntryFunction$2.apply(Ljava/util/Map$Entry;)Ljava/lang/Object; @ 1
Event: 12549.097 Thread 0x00007fe1af19e000 Uncommon trap: reason=bimorphic action=maybe_recompile pc=0x000000011b2cb8ac method=com.google.common.collect.Maps$EntryFunction$2.apply(Ljava/util/Map$Entry;)Ljava/lang/Object; @ 1
Event: 12549.097 Thread 0x00007fe1af19e000 Uncommon trap: reason=bimorphic action=maybe_recompile pc=0x000000011b2cb8ac method=com.google.common.collect.Maps$EntryFunction$2.apply(Ljava/util/Map$Entry;)Ljava/lang/Object; @ 1
Event: 12549.097 Thread 0x00007fe1af19e000 Uncommon trap: reason=bimorphic action=maybe_recompile pc=0x000000011a9cb268 method=com.google.common.collect.Maps$EntryFunction$2.apply(Ljava/util/Map$Entry;)Ljava/lang/Object; @ 1
Event: 12549.097 Thread 0x00007fe1af19e000 Uncommon trap: reason=bimorphic action=maybe_recompile pc=0x0000000119ed96e0 method=com.google.common.collect.ForwardingMapEntry.getKey()Ljava/lang/Object; @ 4
Event: 12549.097 Thread 0x00007fe1af19e000 Uncommon trap: reason=bimorphic action=maybe_recompile pc=0x0000000119ed96e0 method=com.google.common.collect.ForwardingMapEntry.getKey()Ljava/lang/Object; @ 4

Internal exceptions (10 events):
Event: 12547.289 Thread 0x00007fe1b1263000 Exception <a 'sun/nio/fs/UnixException'> (0x00000007a61650d0) thrown at [/Volumes/Android_AOSP/AOSP-openjdk/external/jetbrains/jdk/hotspot/src/share/vm/prims/jni.cpp, line 709]
Event: 12547.326 Thread 0x00007fe1b1217800 Exception <a 'sun/nio/fs/UnixException'> (0x00000007a61744a8) thrown at [/Volumes/Android_AOSP/AOSP-openjdk/external/jetbrains/jdk/hotspot/src/share/vm/prims/jni.cpp, line 709]
Event: 12547.427 Thread 0x00007fe1b1217800 Exception <a 'sun/nio/fs/UnixException'> (0x00000007a61a0690) thrown at [/Volumes/Android_AOSP/AOSP-openjdk/external/jetbrains/jdk/hotspot/src/share/vm/prims/jni.cpp, line 709]
Event: 12547.464 Thread 0x00007fe1b19fd800 Implicit null exception at 0x000000011a455737 to 0x000000011a45754d
Event: 12547.482 Thread 0x00007fe1af6da000 Exception <a 'sun/nio/fs/UnixException'> (0x00000007a61c18f0) thrown at [/Volumes/Android_AOSP/AOSP-openjdk/external/jetbrains/jdk/hotspot/src/share/vm/prims/jni.cpp, line 709]
Event: 12547.523 Thread 0x00007fe1adb35000 Exception <a 'sun/nio/fs/UnixException'> (0x00000007a803d078) thrown at [/Volumes/Android_AOSP/AOSP-openjdk/external/jetbrains/jdk/hotspot/src/share/vm/prims/jni.cpp, line 709]
Event: 12547.602 Thread 0x00007fe1af6da000 Exception <a 'sun/nio/fs/UnixException'> (0x00000007a820a200) thrown at [/Volumes/Android_AOSP/AOSP-openjdk/external/jetbrains/jdk/hotspot/src/share/vm/prims/jni.cpp, line 709]
Event: 12547.607 Thread 0x00007fe1b1217800 Exception <a 'sun/nio/fs/UnixException'> (0x00000007a821e680) thrown at [/Volumes/Android_AOSP/AOSP-openjdk/external/jetbrains/jdk/hotspot/src/share/vm/prims/jni.cpp, line 709]
Event: 12547.614 Thread 0x00007fe1b1263000 Exception <a 'sun/nio/fs/UnixException'> (0x00000007a8240e78) thrown at [/Volumes/Android_AOSP/AOSP-openjdk/external/jetbrains/jdk/hotspot/src/share/vm/prims/jni.cpp, line 709]
Event: 12547.646 Thread 0x00007fe1adb35000 Exception <a 'sun/nio/fs/UnixException'> (0x00000007a8253638) thrown at [/Volumes/Android_AOSP/AOSP-openjdk/external/jetbrains/jdk/hotspot/src/share/vm/prims/jni.cpp, line 709]

Events (10 events):
Event: 12549.097 Thread 0x00007fe1af19e000 Uncommon trap: trap_request=0xffffffc6 fr.pc=0x0000000119ed96e0
Event: 12549.097 Thread 0x00007fe1af19e000 DEOPT PACKING pc=0x0000000119ed96e0 sp=0x00007000046cfd50
Event: 12549.097 Thread 0x00007fe1af19e000 DEOPT UNPACKING pc=0x0000000118599f69 sp=0x00007000046cfc50 mode 2
Event: 12549.098 Thread 0x00007fe1af11f800 Thread added: 0x00007fe1af11f800
Event: 12549.098 Executing VM operation: RevokeBias
Event: 12549.098 Executing VM operation: RevokeBias done
Event: 12549.220 Thread 0x00007fe1af11f800 Thread exited: 0x00007fe1af11f800
Event: 12549.254 Thread 0x00007fe1b0f9a800 Thread added: 0x00007fe1b0f9a800
Event: 12549.367 Thread 0x00007fe1b0f9a800 Thread exited: 0x00007fe1b0f9a800
Event: 12549.392 Executing VM operation: ParallelGCFailedAllocation


Dynamic libraries:
0x000000001b87b000 	/System/Library/Frameworks/Cocoa.framework/Versions/A/Cocoa
0x000000001b87b000 	/System/Library/Frameworks/Security.framework/Versions/A/Security
0x000000001b87b000 	/System/Library/Frameworks/ApplicationServices.framework/Versions/A/ApplicationServices
0x000000001b87b000 	/usr/lib/libz.1.dylib
0x000000001b87b000 	/usr/lib/libSystem.B.dylib
0x000000001b87b000 	/usr/lib/libobjc.A.dylib
0x000000001b87b000 	/System/Library/Frameworks/Foundation.framework/Versions/C/Foundation
0x000000001b87b000 	/System/Library/Frameworks/CoreFoundation.framework/Versions/A/CoreFoundation
0x000000001b87b000 	/System/Library/Frameworks/AppKit.framework/Versions/C/AppKit
0x000000001b87b000 	/System/Library/Frameworks/CoreData.framework/Versions/A/CoreData
0x000000001b87b000 	/System/Library/PrivateFrameworks/RemoteViewServices.framework/Versions/A/RemoteViewServices
0x000000001b87b000 	/System/Library/PrivateFrameworks/UIFoundation.framework/Versions/A/UIFoundation
0x000000001b87b000 	/System/Library/PrivateFrameworks/DFRFoundation.framework/Versions/A/DFRFoundation
0x000000001b87b000 	/usr/lib/libenergytrace.dylib
0x000000001b87b000 	/System/Library/PrivateFrameworks/SkyLight.framework/Versions/A/SkyLight
0x000000001b87b000 	/System/Library/Frameworks/CoreGraphics.framework/Versions/A/CoreGraphics
0x000000001b87b000 	/usr/lib/libScreenReader.dylib
0x000000001b87b000 	/System/Library/Frameworks/Accelerate.framework/Versions/A/Accelerate
0x000000001b87b000 	/System/Library/Frameworks/IOSurface.framework/Versions/A/IOSurface
0x000000001b87b000 	/System/Library/Frameworks/AudioToolbox.framework/Versions/A/AudioToolbox
0x000000001b87b000 	/System/Library/Frameworks/AudioUnit.framework/Versions/A/AudioUnit
0x000000001b87b000 	/System/Library/PrivateFrameworks/DataDetectorsCore.framework/Versions/A/DataDetectorsCore
0x000000001b87b000 	/System/Library/PrivateFrameworks/DesktopServicesPriv.framework/Versions/A/DesktopServicesPriv
0x000000001b87b000 	/System/Library/Frameworks/Carbon.framework/Versions/A/Frameworks/HIToolbox.framework/Versions/A/HIToolbox
0x000000001b87b000 	/usr/lib/libicucore.A.dylib
0x000000001b87b000 	/System/Library/Frameworks/QuartzCore.framework/Versions/A/QuartzCore
0x000000001b87b000 	/System/Library/Frameworks/Carbon.framework/Versions/A/Frameworks/SpeechRecognition.framework/Versions/A/SpeechRecognition
0x000000001b87b000 	/usr/lib/libauto.dylib
0x000000001b87b000 	/usr/lib/libxml2.2.dylib
0x000000001b87b000 	/System/Library/PrivateFrameworks/CoreUI.framework/Versions/A/CoreUI
0x000000001b87b000 	/System/Library/Frameworks/CoreAudio.framework/Versions/A/CoreAudio
0x000000001b87b000 	/System/Library/Frameworks/DiskArbitration.framework/Versions/A/DiskArbitration
0x000000001b87b000 	/usr/lib/liblangid.dylib
0x000000001b87b000 	/System/Library/PrivateFrameworks/MultitouchSupport.framework/Versions/A/MultitouchSupport
0x000000001b87b000 	/System/Library/Frameworks/IOKit.framework/Versions/A/IOKit
0x000000001b87b000 	/usr/lib/libDiagnosticMessagesClient.dylib
0x000000001b87b000 	/System/Library/Frameworks/CoreServices.framework/Versions/A/CoreServices
0x000000001b87b000 	/System/Library/PrivateFrameworks/PerformanceAnalysis.framework/Versions/A/PerformanceAnalysis
0x000000001b87b000 	/System/Library/PrivateFrameworks/GenerationalStorage.framework/Versions/A/GenerationalStorage
0x000000001b87b000 	/System/Library/Frameworks/OpenGL.framework/Versions/A/OpenGL
0x000000001b87b000 	/System/Library/Frameworks/CoreImage.framework/Versions/A/CoreImage
0x000000001b87b000 	/System/Library/Frameworks/CoreText.framework/Versions/A/CoreText
0x000000001b87b000 	/System/Library/Frameworks/ImageIO.framework/Versions/A/ImageIO
0x000000001b87b000 	/System/Library/PrivateFrameworks/Backup.framework/Versions/A/Backup
0x000000001b87b000 	/usr/lib/libarchive.2.dylib
0x000000001b87b000 	/System/Library/Frameworks/CFNetwork.framework/Versions/A/CFNetwork
0x000000001b87b000 	/System/Library/Frameworks/SystemConfiguration.framework/Versions/A/SystemConfiguration
0x000000001b87b000 	/usr/lib/libCRFSuite.dylib
0x000000001b87b000 	/usr/lib/libc++.1.dylib
0x000000001b87b000 	/usr/lib/libc++abi.dylib
0x000000001b87b000 	/usr/lib/system/libcache.dylib
0x000000001b87b000 	/usr/lib/system/libcommonCrypto.dylib
0x000000001b87b000 	/usr/lib/system/libcompiler_rt.dylib
0x000000001b87b000 	/usr/lib/system/libcopyfile.dylib
0x000000001b87b000 	/usr/lib/system/libcorecrypto.dylib
0x000000001b87b000 	/usr/lib/system/libdispatch.dylib
0x000000001b87b000 	/usr/lib/system/libdyld.dylib
0x000000001b87b000 	/usr/lib/system/libkeymgr.dylib
0x000000001b87b000 	/usr/lib/system/liblaunch.dylib
0x000000001b87b000 	/usr/lib/system/libmacho.dylib
0x000000001b87b000 	/usr/lib/system/libquarantine.dylib
0x000000001b87b000 	/usr/lib/system/libremovefile.dylib
0x000000001b87b000 	/usr/lib/system/libsystem_asl.dylib
0x000000001b87b000 	/usr/lib/system/libsystem_blocks.dylib
0x000000001b87b000 	/usr/lib/system/libsystem_c.dylib
0x000000001b87b000 	/usr/lib/system/libsystem_configuration.dylib
0x000000001b87b000 	/usr/lib/system/libsystem_coreservices.dylib
0x000000001b87b000 	/usr/lib/system/libsystem_coretls.dylib
0x000000001b87b000 	/usr/lib/system/libsystem_dnssd.dylib
0x000000001b87b000 	/usr/lib/system/libsystem_info.dylib
0x000000001b87b000 	/usr/lib/system/libsystem_kernel.dylib
0x000000001b87b000 	/usr/lib/system/libsystem_m.dylib
0x000000001b87b000 	/usr/lib/system/libsystem_malloc.dylib
0x000000001b87b000 	/usr/lib/system/libsystem_network.dylib
0x000000001b87b000 	/usr/lib/system/libsystem_networkextension.dylib
0x000000001b87b000 	/usr/lib/system/libsystem_notify.dylib
0x000000001b87b000 	/usr/lib/system/libsystem_platform.dylib
0x000000001b87b000 	/usr/lib/system/libsystem_pthread.dylib
0x000000001b87b000 	/usr/lib/system/libsystem_sandbox.dylib
0x000000001b87b000 	/usr/lib/system/libsystem_secinit.dylib
0x000000001b87b000 	/usr/lib/system/libsystem_symptoms.dylib
0x000000001b87b000 	/usr/lib/system/libsystem_trace.dylib
0x000000001b87b000 	/usr/lib/system/libunwind.dylib
0x000000001b87b000 	/usr/lib/system/libxpc.dylib
0x000000001b87b000 	/usr/lib/libbsm.0.dylib
0x000000001b87b000 	/usr/lib/system/libkxld.dylib
0x000000001b87b000 	/usr/lib/libcoretls.dylib
0x000000001b87b000 	/usr/lib/libcoretls_cfhelpers.dylib
0x000000001b87b000 	/usr/lib/libOpenScriptingUtil.dylib
0x000000001b87b000 	/usr/lib/libpam.2.dylib
0x000000001b87b000 	/usr/lib/libsqlite3.dylib
0x000000001b87b000 	/usr/lib/libxar.1.dylib
0x000000001b87b000 	/usr/lib/libbz2.1.0.dylib
0x000000001b87b000 	/usr/lib/liblzma.5.dylib
0x000000001b87b000 	/usr/lib/libnetwork.dylib
0x000000001b87b000 	/usr/lib/libpcap.A.dylib
0x000000001b87b000 	/System/Library/Frameworks/CoreServices.framework/Versions/A/Frameworks/FSEvents.framework/Versions/A/FSEvents
0x000000001b87b000 	/System/Library/Frameworks/CoreServices.framework/Versions/A/Frameworks/CarbonCore.framework/Versions/A/CarbonCore
0x000000001b87b000 	/System/Library/Frameworks/CoreServices.framework/Versions/A/Frameworks/Metadata.framework/Versions/A/Metadata
0x000000001b87b000 	/System/Library/Frameworks/CoreServices.framework/Versions/A/Frameworks/OSServices.framework/Versions/A/OSServices
0x000000001b87b000 	/System/Library/Frameworks/CoreServices.framework/Versions/A/Frameworks/SearchKit.framework/Versions/A/SearchKit
0x000000001b87b000 	/System/Library/Frameworks/CoreServices.framework/Versions/A/Frameworks/AE.framework/Versions/A/AE
0x000000001b87b000 	/System/Library/Frameworks/CoreServices.framework/Versions/A/Frameworks/LaunchServices.framework/Versions/A/LaunchServices
0x000000001b87b000 	/System/Library/Frameworks/CoreServices.framework/Versions/A/Frameworks/DictionaryServices.framework/Versions/A/DictionaryServices
0x000000001b87b000 	/System/Library/Frameworks/CoreServices.framework/Versions/A/Frameworks/SharedFileList.framework/Versions/A/SharedFileList
0x000000001b87b000 	/System/Library/Frameworks/NetFS.framework/Versions/A/NetFS
0x000000001b87b000 	/System/Library/PrivateFrameworks/NetAuth.framework/Versions/A/NetAuth
0x000000001b87b000 	/System/Library/PrivateFrameworks/login.framework/Versions/A/Frameworks/loginsupport.framework/Versions/A/loginsupport
0x000000001b87b000 	/System/Library/PrivateFrameworks/TCC.framework/Versions/A/TCC
0x000000001b87b000 	/usr/lib/libmecabra.dylib
0x000000001b87b000 	/System/Library/Frameworks/ApplicationServices.framework/Versions/A/Frameworks/ATS.framework/Versions/A/ATS
0x000000001b87b000 	/System/Library/Frameworks/ApplicationServices.framework/Versions/A/Frameworks/ColorSync.framework/Versions/A/ColorSync
0x000000001b87b000 	/System/Library/Frameworks/ApplicationServices.framework/Versions/A/Frameworks/HIServices.framework/Versions/A/HIServices
0x000000001b87b000 	/System/Library/Frameworks/ApplicationServices.framework/Versions/A/Frameworks/LangAnalysis.framework/Versions/A/LangAnalysis
0x000000001b87b000 	/System/Library/Frameworks/ApplicationServices.framework/Versions/A/Frameworks/PrintCore.framework/Versions/A/PrintCore
0x000000001b87b000 	/System/Library/Frameworks/ApplicationServices.framework/Versions/A/Frameworks/QD.framework/Versions/A/QD
0x000000001b87b000 	/System/Library/Frameworks/ApplicationServices.framework/Versions/A/Frameworks/SpeechSynthesis.framework/Versions/A/SpeechSynthesis
0x000000001b87b000 	/System/Library/Frameworks/Accelerate.framework/Versions/A/Frameworks/vImage.framework/Versions/A/vImage
0x000000001b87b000 	/System/Library/Frameworks/Accelerate.framework/Versions/A/Frameworks/vecLib.framework/Versions/A/vecLib
0x000000001b87b000 	/System/Library/Frameworks/Accelerate.framework/Versions/A/Frameworks/vecLib.framework/Versions/A/libvDSP.dylib
0x000000001b87b000 	/System/Library/Frameworks/Accelerate.framework/Versions/A/Frameworks/vecLib.framework/Versions/A/libBNNS.dylib
0x000000001b87b000 	/System/Library/Frameworks/Accelerate.framework/Versions/A/Frameworks/vecLib.framework/Versions/A/libQuadrature.dylib
0x000000001b87b000 	/System/Library/Frameworks/Accelerate.framework/Versions/A/Frameworks/vecLib.framework/Versions/A/libvMisc.dylib
0x000000001b87b000 	/System/Library/Frameworks/Accelerate.framework/Versions/A/Frameworks/vecLib.framework/Versions/A/libLAPACK.dylib
0x000000001b87b000 	/System/Library/Frameworks/Accelerate.framework/Versions/A/Frameworks/vecLib.framework/Versions/A/libBLAS.dylib
0x000000001b87b000 	/System/Library/Frameworks/Accelerate.framework/Versions/A/Frameworks/vecLib.framework/Versions/A/libLinearAlgebra.dylib
0x000000001b87b000 	/System/Library/Frameworks/Accelerate.framework/Versions/A/Frameworks/vecLib.framework/Versions/A/libSparseBLAS.dylib
0x000000001b87b000 	/System/Library/Frameworks/ApplicationServices.framework/Versions/A/Frameworks/ATS.framework/Versions/A/Resources/libFontParser.dylib
0x000000001b87b000 	/System/Library/Frameworks/ApplicationServices.framework/Versions/A/Frameworks/ATS.framework/Versions/A/Resources/libFontRegistry.dylib
0x000000001b87b000 	/System/Library/Frameworks/ImageIO.framework/Versions/A/Resources/libJPEG.dylib
0x000000001b87b000 	/System/Library/Frameworks/ImageIO.framework/Versions/A/Resources/libTIFF.dylib
0x000000001b87b000 	/System/Library/Frameworks/ImageIO.framework/Versions/A/Resources/libPng.dylib
0x000000001b87b000 	/System/Library/Frameworks/ImageIO.framework/Versions/A/Resources/libGIF.dylib
0x000000001b87b000 	/System/Library/Frameworks/ImageIO.framework/Versions/A/Resources/libJP2.dylib
0x000000001b87b000 	/System/Library/Frameworks/ImageIO.framework/Versions/A/Resources/libRadiance.dylib
0x000000001b87b000 	/usr/lib/libcompression.dylib
0x000000001b87b000 	/System/Library/PrivateFrameworks/AppleJPEG.framework/Versions/A/AppleJPEG
0x000000001b87b000 	/usr/lib/libcups.2.dylib
0x000000001b87b000 	/System/Library/Frameworks/Kerberos.framework/Versions/A/Kerberos
0x000000001b87b000 	/System/Library/Frameworks/GSS.framework/Versions/A/GSS
0x000000001b87b000 	/usr/lib/libresolv.9.dylib
0x000000001b87b000 	/usr/lib/libiconv.2.dylib
0x000000001b87b000 	/System/Library/PrivateFrameworks/Heimdal.framework/Versions/A/Heimdal
0x000000001b87b000 	/usr/lib/libheimdal-asn1.dylib
0x000000001b87b000 	/System/Library/Frameworks/OpenDirectory.framework/Versions/A/OpenDirectory
0x000000001b87b000 	/System/Library/PrivateFrameworks/CommonAuth.framework/Versions/A/CommonAuth
0x000000001b87b000 	/System/Library/Frameworks/OpenDirectory.framework/Versions/A/Frameworks/CFOpenDirectory.framework/Versions/A/CFOpenDirectory
0x000000001b87b000 	/System/Library/Frameworks/SecurityFoundation.framework/Versions/A/SecurityFoundation
0x000000001b87b000 	/System/Library/PrivateFrameworks/LanguageModeling.framework/Versions/A/LanguageModeling
0x000000001b87b000 	/usr/lib/libmarisa.dylib
0x000000001b87b000 	/usr/lib/libChineseTokenizer.dylib
0x000000001b87b000 	/usr/lib/libcmph.dylib
0x000000001b87b000 	/System/Library/PrivateFrameworks/CoreEmoji.framework/Versions/A/CoreEmoji
0x000000001b87b000 	/System/Library/Frameworks/ServiceManagement.framework/Versions/A/ServiceManagement
0x000000001b87b000 	/usr/lib/libxslt.1.dylib
0x000000001b87b000 	/System/Library/Frameworks/Carbon.framework/Versions/A/Frameworks/Ink.framework/Versions/A/Ink
0x000000001b87b000 	/System/Library/PrivateFrameworks/TextureIO.framework/Versions/A/TextureIO
0x000000001b87b000 	/System/Library/Frameworks/Metal.framework/Versions/A/Metal
0x000000001b87b000 	/usr/lib/libate.dylib
0x000000001b87b000 	/System/Library/PrivateFrameworks/GPUCompiler.framework/libmetal_timestamp.dylib
0x000000001b87b000 	/System/Library/Frameworks/OpenGL.framework/Versions/A/Libraries/libCoreFSCache.dylib
0x000000001b87b000 	/System/Library/PrivateFrameworks/IOAccelerator.framework/Versions/A/IOAccelerator
0x000000001b87b000 	/System/Library/Frameworks/CoreVideo.framework/Versions/A/CoreVideo
0x000000001b87b000 	/usr/lib/libFosl_dynamic.dylib
0x000000001b87b000 	/System/Library/PrivateFrameworks/MetalPerformanceShaders.framework/Versions/A/MetalPerformanceShaders
0x000000001b87b000 	/System/Library/PrivateFrameworks/FaceCore.framework/Versions/A/FaceCore
0x000000001b87b000 	/System/Library/Frameworks/OpenCL.framework/Versions/A/OpenCL
0x000000001b87b000 	/System/Library/Frameworks/OpenGL.framework/Versions/A/Libraries/libGLU.dylib
0x000000001b87b000 	/System/Library/Frameworks/OpenGL.framework/Versions/A/Libraries/libGFXShared.dylib
0x000000001b87b000 	/System/Library/Frameworks/OpenGL.framework/Versions/A/Libraries/libGL.dylib
0x000000001b87b000 	/System/Library/Frameworks/OpenGL.framework/Versions/A/Libraries/libGLImage.dylib
0x000000001b87b000 	/System/Library/Frameworks/OpenGL.framework/Versions/A/Libraries/libCVMSPluginSupport.dylib
0x000000001b87b000 	/System/Library/Frameworks/OpenGL.framework/Versions/A/Libraries/libCoreVMClient.dylib
0x000000001b87b000 	/System/Library/PrivateFrameworks/CrashReporterSupport.framework/Versions/A/CrashReporterSupport
0x000000001b87b000 	/System/Library/PrivateFrameworks/Sharing.framework/Versions/A/Sharing
0x000000001b87b000 	/System/Library/PrivateFrameworks/IconServices.framework/Versions/A/IconServices
0x000000001b87b000 	/System/Library/PrivateFrameworks/ProtocolBuffer.framework/Versions/A/ProtocolBuffer
0x000000001b87b000 	/System/Library/PrivateFrameworks/Apple80211.framework/Versions/A/Apple80211
0x000000001b87b000 	/System/Library/Frameworks/CoreWLAN.framework/Versions/A/CoreWLAN
0x000000001b87b000 	/System/Library/PrivateFrameworks/CoreUtils.framework/Versions/A/CoreUtils
0x000000001b87b000 	/System/Library/Frameworks/IOBluetooth.framework/Versions/A/IOBluetooth
0x000000001b87b000 	/System/Library/PrivateFrameworks/CoreWiFi.framework/Versions/A/CoreWiFi
0x000000001b87b000 	/System/Library/Frameworks/CoreBluetooth.framework/Versions/A/CoreBluetooth
0x000000001b87b000 	/System/Library/Frameworks/CoreDisplay.framework/Versions/A/CoreDisplay
0x000000001b87b000 	/System/Library/PrivateFrameworks/IOPresentment.framework/Versions/A/IOPresentment
0x000000001b87b000 	/System/Library/PrivateFrameworks/DSExternalDisplay.framework/Versions/A/DSExternalDisplay
0x000000001b87b000 	/System/Library/PrivateFrameworks/DebugSymbols.framework/Versions/A/DebugSymbols
0x000000001b87b000 	/System/Library/PrivateFrameworks/CoreSymbolication.framework/Versions/A/CoreSymbolication
0x000000001b87b000 	/System/Library/PrivateFrameworks/Symbolication.framework/Versions/A/Symbolication
0x000000001b87b000 	/System/Library/PrivateFrameworks/AppleFSCompression.framework/Versions/A/AppleFSCompression
0x000000001b87b000 	/System/Library/PrivateFrameworks/SpeechRecognitionCore.framework/Versions/A/SpeechRecognitionCore
0x000000001b87b000 	/System/Library/PrivateFrameworks/ChunkingLibrary.framework/Versions/A/ChunkingLibrary
0x000000010d400000 	/Applications/Android Studio 2.3.3.app/Contents/jre/jdk/Contents/Home/jre/lib/server/libjvm.dylib
0x000000001b87b000 	/usr/lib/libstdc++.6.dylib
0x000000010ca59000 	/Applications/Android Studio 2.3.3.app/Contents/jre/jdk/Contents/Home/jre/lib/libverify.dylib
0x000000010ca66000 	/Applications/Android Studio 2.3.3.app/Contents/jre/jdk/Contents/Home/jre/lib/libjava.dylib
0x000000010caa5000 	/Applications/Android Studio 2.3.3.app/Contents/jre/jdk/Contents/Home/jre/lib/libzip.dylib
0x000000010cbe6000 	/System/Library/Frameworks/JavaVM.framework/Frameworks/JavaRuntimeSupport.framework/JavaRuntimeSupport
0x0000000113462000 	/System/Library/Frameworks/JavaVM.framework/Versions/A/Frameworks/JavaNativeFoundation.framework/Versions/A/JavaNativeFoundation
0x0000000113477000 	/System/Library/Frameworks/JavaVM.framework/Versions/A/JavaVM
0x000000001b87b000 	/System/Library/Frameworks/Carbon.framework/Versions/A/Carbon
0x0000000113484000 	/System/Library/PrivateFrameworks/JavaLaunching.framework/Versions/A/JavaLaunching
0x000000001b87b000 	/System/Library/Frameworks/Carbon.framework/Versions/A/Frameworks/CommonPanels.framework/Versions/A/CommonPanels
0x000000001b87b000 	/System/Library/Frameworks/Carbon.framework/Versions/A/Frameworks/Help.framework/Versions/A/Help
0x000000001b87b000 	/System/Library/Frameworks/Carbon.framework/Versions/A/Frameworks/ImageCapture.framework/Versions/A/ImageCapture
0x000000001b87b000 	/System/Library/Frameworks/Carbon.framework/Versions/A/Frameworks/OpenScripting.framework/Versions/A/OpenScripting
0x000000001b87b000 	/System/Library/Frameworks/Carbon.framework/Versions/A/Frameworks/Print.framework/Versions/A/Print
0x000000001b87b000 	/System/Library/Frameworks/Carbon.framework/Versions/A/Frameworks/SecurityHI.framework/Versions/A/SecurityHI
0x000000011539a000 	/Applications/Android Studio 2.3.3.app/Contents/jre/jdk/Contents/Home/jre/lib/libnet.dylib
0x00000001153f9000 	/Applications/Android Studio 2.3.3.app/Contents/jre/jdk/Contents/Home/jre/lib/libnio.dylib
0x0000000115527000 	/Users/abrarkhan/.gradle/native/23/osx-amd64/libnative-platform.dylib
0x00000001157d8000 	/Applications/Android Studio 2.3.3.app/Contents/jre/jdk/Contents/Home/jre/lib/libmanagement.dylib
0x0000000115176000 	/Applications/Android Studio 2.3.3.app/Contents/jre/jdk/Contents/Home/jre/lib/libsunec.dylib

VM Arguments:
jvm_args: -Xmx1536m -Dfile.encoding=UTF-8 -Duser.country=US -Duser.language=en -Duser.variant 
java_command: org.gradle.launcher.daemon.bootstrap.GradleDaemon 3.3
java_class_path (initial): /Users/abrarkhan/.gradle/wrapper/dists/gradle-3.3-all/55gk2rcmfc6p2dg9u9ohc3hw9/gradle-3.3/lib/gradle-launcher-3.3.jar
Launcher Type: SUN_STANDARD

Environment Variables:
PATH=/usr/bin:/bin:/usr/sbin:/sbin
SHELL=/bin/bash

Signal Handlers:
SIGSEGV: [libjvm.dylib+0x57e9cd], sa_mask[0]=11111111011111110111111111111111, sa_flags=SA_ONSTACK|SA_RESTART|SA_SIGINFO
SIGBUS: [libjvm.dylib+0x57e9cd], sa_mask[0]=11111111011111110111111111111111, sa_flags=SA_RESTART|SA_SIGINFO
SIGFPE: [libjvm.dylib+0x45951c], sa_mask[0]=11111111011111110111111111111111, sa_flags=SA_RESTART|SA_SIGINFO
SIGPIPE: [libjvm.dylib+0x45951c], sa_mask[0]=11111111011111110111111111111111, sa_flags=SA_RESTART|SA_SIGINFO
SIGXFSZ: [libjvm.dylib+0x45951c], sa_mask[0]=11111111011111110111111111111111, sa_flags=SA_RESTART|SA_SIGINFO
SIGILL: [libjvm.dylib+0x45951c], sa_mask[0]=11111111011111110111111111111111, sa_flags=SA_RESTART|SA_SIGINFO
SIGUSR1: SIG_DFL, sa_mask[0]=00000000000000000000000000000000, sa_flags=none
SIGUSR2: [libjvm.dylib+0x45903a], sa_mask[0]=00100000000000000000000000000000, sa_flags=SA_RESTART|SA_SIGINFO
SIGHUP: [libjvm.dylib+0x457611], sa_mask[0]=11111111011111110111111111111111, sa_flags=SA_RESTART|SA_SIGINFO
SIGINT: [libjvm.dylib+0x457611], sa_mask[0]=11111111011111110111111111111111, sa_flags=SA_RESTART|SA_SIGINFO
SIGTERM: [libjvm.dylib+0x457611], sa_mask[0]=11111111011111110111111111111111, sa_flags=SA_RESTART|SA_SIGINFO
SIGQUIT: [libjvm.dylib+0x457611], sa_mask[0]=11111111011111110111111111111111, sa_flags=SA_RESTART|SA_SIGINFO


---------------  S Y S T E M  ---------------

OS:Bsduname:Darwin 16.7.0 Darwin Kernel Version 16.7.0: Thu Jun 15 17:36:27 PDT 2017; root:xnu-3789.70.16~2/RELEASE_X86_64 x86_64
rlimit: STACK 8192k, CORE 0k, NPROC 709, NOFILE 10240, AS infinity
load average:2.67 2.40 2.14

CPU:total 4 (2 cores per cpu, 2 threads per core) family 6 model 58 stepping 9, cmov, cx8, fxsr, mmx, sse, sse2, sse3, ssse3, sse4.1, sse4.2, popcnt, avx, aes, clmul, erms, ht, tsc, tscinvbit, tscinv

Memory: 4k page, physical 8388608k(19132k free)

/proc/meminfo:


vm_info: OpenJDK 64-Bit Server VM (25.112-b06) for bsd-amd64 JRE (1.8.0_112-release-b06), built on Dec  6 2016 12:18:58 by "builder" with gcc 4.2.1 (Based on Apple Inc. build 5658) (LLVM build 2336.11.00)

time: Tue Oct  3 09:51:17 2017
elapsed time: 12549 seconds (0d 3h 29m 9s)

